1 nsc099css, nsc099css_101_plan_chinghan.pdf.
2 nsc099mss, no files.
3 ncuseccloud, no files.
4 csep, no files.
5 nfcintegration, no files.
6 warmii, no files.
7 cdac, no files.
8 riskmanagement, no files.
9 nfcprivacyneg, no files.
10 performance, no files.
11 cloudsecurity0, cloudsecurity0_101_plan_yingjia2000.pdf.
12 cloudsecurity1, no files.
13 cloudsubplan2, no files.
14 cloudsecurity3, no files.
15 cloudsubplan4, no files.
16 ntcoatf, ntcoatf_101_plan_myliao.pdf.
16 ntcoaf-1, no files.
17 shen-nong, no files.
18 b-pace, no files.
19 ffds, no files.
20 ntdtc, no files.
21 qosecc, qosecc_101_plan_thuitlab.pdf.
21 qoseccme, qoseccme_101_plan_thuitlab.doc.
21 qoseccme, qoseccme_101_plan_thuitlab.pdf.
22 qosaecc-psvmm, qosaecc-psvmm_101_plan_peter760504.pdf.
23 qosaeccedqa, qosaeccedqa_101_plan_aspect.doc.
24 qosaeccmrs, no files.
25 pmeaf, pmeaf_101_plan_fcuselab.pdf.
26 malwarecluster, malwarecluster_101_plan_cmassp.pdf.
27 medicalcloud, no files.
28 gvm5, gvm5_101_plan_borting.pdf.
29 , no files.
30 pony, pony_101_plan_pony10438.pdf.
31 mmnlab, mmnlab_101_plan_eetaddy.pdf.
32 selfoptcloud, no files.
33 antiaptproject1, antiaptproject1_101_plan_jclinn.doc.
34 spam2012, spam2012_101_plan_wjcheng.pdf.
35 botsc, botsc_101_plan_KSU_ISAS.pdf.
36 nsc101vdp, nsc101vdp_101_plan_jchen.doc.
37 , no files.
38 vtcvm, no files.
39 aefhdspmc, no files.
40 cloudmon, no files.
41 st101, no files.
42 gpu-cast, gpu-cast_101_plan_linwc.pdf.
43 , no files.
44 iotintegration, iotintegration_101_plan_fcurfidlab.pdf.
45 ccsca201208, ccsca201208_101_plan_m0019524.pdf.
46 gocloud-thin, gocloud-thin_101_plan_ru8tp6.pdf.
47 gf2mmult, gf2mmult_101_plan_whallis.doc.
48 iilab101, iilab101_101_plan_dyhung.pdf.
49 adaptivegreencc, adaptivegreencc_101_plan_rnchen.doc.
49 adaptivegreencc, adaptivegreencc_101_plan_rnchen.pdf.
50 , no files.
51 info, info_101_plan_yshuang0924.doc.
52 ndhu-cloudcare, no files.
53 ccdi, ccdi_101_plan_hdj.pdf.
54 twids2, twids2_101_plan_shein.pdf.
55 , no files.
56 autodep-honeyne, no files.
