1 nsc099css, nsc099css_101_testing_chinghan.pdf.
2 nsc099mss, no files.
3 ncuseccloud, no files.
4 csep, no files.
5 nfcintegration, nfcintegration_101_testing_FSSNFCA.pdf.
6 warmii, no files.
7 cdac, no files.
8 riskmanagement, no files.
9 nfcprivacyneg, no files.
10 performance, no files.
11 cloudsecurity0, cloudsecurity0_101_testing_yingjia2000.pdf.
12 cloudsecurity1, no files.
13 cloudsubplan2, no files.
14 cloudsecurity3, no files.
15 cloudsubplan4, no files.
16 ntcoatf, ntcoatf_101_testing_EL0418.pdf.
16 ntcoaf-1, no files.
17 shen-nong, no files.
18 b-pace, no files.
19 ffds, no files.
20 ntdtc, no files.
21 qosecc, qosecc_101_testing_thuitlab.pdf.
21 qoseccme, no files.
22 qosaecc-psvmm, no files.
23 qosaeccedqa, no files.
24 qosaeccmrs, no files.
25 pmeaf, no files.
26 malwarecluster, malwarecluster_101_testing_cmassp.pdf.
27 medicalcloud, medicalcloud_101_testing_richardhsu.pdf.
28 gvm5, gvm5_101_testing_borting.pdf.
29 senserda, senserda_101_testing_SenseLAB.pdf.
30 pony, pony_101_testing_pony10438.pdf.
31 mmnlab, mmnlab_101_testing_kevin19891101.pdf.
32 selfoptcloud, selfoptcloud_101_testing_hcchao.pdf.
33 antiaptproject1, antiaptproject1_101_testing_jclinn.doc.
34 spam2012, spam2012_101_testing_wjcheng.doc.
34 spam2012, spam2012_101_testing_wjcheng.pdf.
35 botsc, botsc_101_testing_KSU_ISAS.pdf.
36 nsc101vdp, nsc101vdp_101_testing_jchen.doc.
37 npuensc101, npuensc101_101_testing_jttsai.doc.
38 vtcvm, no files.
39 aefhdspmc, aefhdspmc_101_testing_wushowyang.pdf.
40 cloudmon, cloudmon_101_testing_csyan790127.pdf.
41 st101, st101_101_testing_proossf.doc.
42 gpu-cast, gpu-cast_101_testing_linwc.pdf.
43 hcb531107, hcb531107_101_testing_cbhong.pdf.
44 iotintegration, iotintegration_101_testing_fcurfidlab.pdf.
45 ccsca201208, ccsca201208_101_testing_m0019524.pdf.
46 gocloud-thin, gocloud-thin_101_testing_VBird.pdf.
47 gf2mmult, gf2mmult_101_testing_whallis.doc.
48 iilab101, iilab101_101_testing_dyhung.pdf.
49 adaptivegreencc, adaptivegreencc_101_testing_rnchen.doc.
50 , no files.
51 info, info_101_testing_yshuang0924.doc.
52 ndhu-cloudcare, ndhu-cloudcare_101_testing_yytsai8503315.doc.
52 ndhu-cloudcare, ndhu-cloudcare_101_testing_yytsai8503315.pdf.
53 ccdi, ccdi_101_testing_j5a6s7o8n.pdf.
54 twids2, twids2_101_testing_shein.pdf.
55 dnslyzer, dnslyzer_101_testing_labofynhuang.pdf.
56 autodep-honeyne, autodep-honeyne_101_testing_yuntechiseclab.pdf.
