1 ecgtransfer, ecgtransfer_100_testing_pig7609.pdf.
2 healthaging, healthaging_100_testing_cclin1234567.doc.
3 vib, vib_100_testing_rogerlee.pdf.
4 vstorage, vstorage_100_testing_wcchung.pdf.
5 unicloudc2, unicloudc2_100_testing_hmliang.doc.
6 vcmatcc, vcmatcc_100_testing_liupinthan.pdf.
7 cloudstorage, cloudstorage_100_testing_linian.pdf.
8 infracloud, infracloud_100_testing_fiddler0305.doc.
9 mecme, mecme_100_testing_thuitlab.pdf.
10 pea, pea_100_testing_gs421433.pdf.
11 mec-tms, mec-tms_100_testing_csko.pdf.
12 ksu-isas-100, ksu-isas-100_100_testing_KSU_ISAS.doc.
13 nsc100honeypot, nsc100honeypot_100_testing_james814.pdf.
14 twsnort, twsnort_100_testing_shein.pdf.
15 ntcoatf, ntcoatf_100_testing_myliao.pdf.
16 shen-nong, shen-nong_100_testing_Best.doc.
17 b-pace, no files.
18 ffds, no files.
19 ntdtc, no files.
20 realflowreplay, realflowreplay_100_testing_chunnan.pdf.
21 rfantibotnet, rfantibotnet_100_testing_chsu.pdf.
22 cloudpacker, cloudpacker_100_testing_rb304_3abel.doc.
23 ynsc100cfs01, ynsc100cfs01_100_testing_wcyang.pdf.
