1 cybersystem, no files.
2 cps1, no files.
3 crivss, no files.
3 isdt, no files.
4 health-manager, no files.
5 , no files.
6 networks-4g, no files.
7 morf01, no files.
7 fadns, no files.
7 heart, heart_102_plan_LAB100ES712.doc.
8 greencloud4its, no files.
9 green-its, no files.
10 a1013542ac, no files.
11 rsu, no files.
12 nsc101analysis, no files.
13 gscloud, gscloud_102_plan_GSLab.doc.
14 , no files.
15 cbmcloud, cbmcloud_102_plan_ellington.pdf.
16 nsc102sub1, nsc102sub1_102_plan_kung.doc.
16 nsc102sub1, nsc102sub1_102_plan_kung.pdf.
16 nsc102main, nsc102main_102_plan_kung.pdf.
17 nsc2013sub02, nsc2013sub02_102_plan_NSC9502105.doc.
17 nsc2013sub02, nsc2013sub02_102_plan_NSC9502105.pdf.
18 sgov3, sgov3_102_plan_chen3805629.pdf.
19 cloudp2pstream2, cloudp2pstream2_102_plan_srtong.pdf.
20 nsc102sub5, nsc102sub5_102_plan_M10256022.pdf.
21 cloudtestings, cloudtestings_102_plan_kurthsu.pdf.
22 cloudtestings, cloudtestings_102_plan_kurthsu.pdf.
23 cloudtestings, cloudtestings_102_plan_kurthsu.pdf.
24 cloudtestings, cloudtestings_102_plan_kurthsu.pdf.
25 sleepdis102, sleepdis102_102_plan_intsys.pdf.
26 nsc102fjummdb, no files.
27 wecohss102, no files.
28 xdiva, xdiva_102_plan_hadesaeolus.pdf.
29 lostprevar, lostprevar_102_plan_wangjenmin.pdf.
30 openneeds, openneeds_102_plan_apacph.pdf.
31 carcloud, carcloud_102_plan_chipanhwang.pdf.
32 wikiontology, wikiontology_102_plan_huangcm.pdf.
33 pc4fa, pc4fa_102_plan_ms0076950.doc.
34 arbuildings, arbuildings_102_plan_jhlee.pdf.
35 intercepter2, intercepter2_102_plan_KWKECSIE.pdf.
36 ipsiv, ipsiv_102_plan_dicyoyo.pdf.
37 iovcs, iovcs_102_plan_songchen.pdf.
38 celbill, celbill_102_plan_shihc.doc.
39 devanadevelop, devanadevelop_102_plan_devana410.doc.
40 grss, no files.
41 burst2013, burst2013_102_plan_wjcheng.pdf.
42 vpls, vpls_102_plan_qlyh.pdf.
43 hexacoptevision, hexacoptevision_102_plan_ma1g0107.doc.
44 adcctmpp, adcctmpp_102_plan_ma0g0220.pdf.
45 mtrng, mtrng_102_plan_tjm.pdf.
46 gocloud-pro, gocloud-pro_102_plan_VBird.pdf.
47 nsc102leekr, nsc102leekr_102_plan_leekr.pdf.
48 genderecog, genderecog_102_plan_ChuanWangChang.pdf.
49 osffcaa0801, osffcaa0801_102_plan_sunwain.pdf.
