1 cybersystem, cybersystem_100_testing_chuanyu.pdf.
2 cps1, cps1_100_testing_chuanyu.doc.
3 crivss, no files.
4 health-manager, no files.
5 mslam1, no files.
6 networks-4g, no files.
7 morf01, no files.
8 gscloud, gscloud_100_testing_GSLab.doc.
8 gscloud, gscloud_100_testing_GSLab.pdf.
9 nsc100leekr, nsc100leekr_100_testing_kenboy0108.pdf.
9 nsc100leekr, nsc100leekr_100_testing_leekr.pdf.
10 mobilevm, mobilevm_100_testing_mfhorng.pdf.
11 gscloudqos002, gscloudqos002_100_testing_GSLab.doc.
12 scbroker, scbroker_100_testing_ellington.pdf.
13 sleepdis1001, sleepdis1001_100_testing_intsys.pdf.
14 sleepdis1002, sleepdis1002_100_testing_intsys.pdf.
15 spr, spr_100_testing_ykwang.pdf.
16 wecohss100, wecohss100_100_testing_wecolab.pdf.
17 nsc10000, nsc10000_100_testing_kung.pdf.
18 nsc10001, nsc10001_100_testing_kung.doc.
18 nsc10001, nsc10001_100_testing_kung.pdf.
19 nsc10002, nsc10002_100_testing_NSC9502105.doc.
20 sgov, sgov_100_testing_chen3805629.pdf.
21 vsmeasurement, vsmeasurement_100_testing_diplab.pdf.
22 pddas, pddas_100_testing_dicyoyo.pdf.
22 pddas, pddas_100_testing_dicyoyo.doc.
23 rmcs, rmcs_100_testing_songchen.pdf.
24 zigreen, zigreen_100_testing_shihc.doc.
25 lawfulintercept, lawfulintercept_100_testing_KWKECSIE.doc.
25 lawfulintercept, lawfulintercept_100_testing_KWKECSIE.pdf.
26 arnews, arnews_100_testing_u9924827.doc.
27 ACRT, acrt_100_testing_ntut_selab.pdf.
28 androidcaring, androidcaring_100_testing_pucclo.pdf.
29 cloud2011, cloud2011_100_testing_wjcheng.doc.
29 cloud2011, cloud2011_100_testing_wjcheng.pdf.
30 ptiis, ptiis_100_testing_kyle1090.pdf.
31 e-learning, e-learning_100_testing_ypchu.pdf.
32 xdiva, xdiva_100_testing_eternnoir.pdf.
