1 dvbhreceiver, dvbhreceiver_99_plan_claire1103.pdf.
2 dvbhvideo, dvbhvideo_99_plan_bow76512.pdf.
3 dvbhipdc001, dvbhipdc001_99_plan_Dvbh_ipdc.pdf.
4 dvbhlink, dvbhlink_99_plan_quen97418031.pdf.
5 dvbhmpegts, dvbhmpegts_99_plan_ntutwimax.pdf.
6 dvbhant, dvbhant_99_plan_herejoe131.pdf.
7 futurelife, futurelife_99_plan_yumo1987.pdf.
7 futurelife, futurelife_99_plan_chuanyu.pdf.
8 emotionsystem, no files.
9 homesecure, no files.
10 scel9701, no files.
11 ppkb006, no files.
12 yangi, no files.
13 sssc, no files.
14 emislab2009, no files.
15 mimo, no files.
16 ssempp, ssempp_99_plan_mtwang.pdf.
17 eplmcs, no files.
18 iclab09, no files.
19 rtscheduler, no files.
20 spyfreedroid, no files.
21 ecv2, no files.
22 ebl, ebl_99_plan_csyang.doc.
22 ebl, ebl_99_plan_csyang.pdf.
23 eblembsysbench, eblembsysbench_99_plan_csyang.doc.
23 eblembsysbench, eblembsysbench_99_plan_csyang.pdf.
24 multicoretool, no files.
25 winlab97, no files.
26 esbs, no files.
27 vmc2, no files.
28 vmcsubproject1, no files.
29 vmcmum, no files.
30 vmcpss, no files.
31 vmcsyn, no files.
32 vmc98am, no files.
33 vmcppo, no files.
34 vmctms, no files.
35 mmcsystem, mmcsystem_99_plan_pcy_taiwan.pdf.
36 caasmm, no files.
37 vohmp, no files.
38 hmavp, no files.
39 eclab308, no files.
40 opencl, no files.
41 jvm, no files.
42 hmp, no files.
43 garcol, garcol_99_plan_garcol.pdf.
44 sleepdisorder, sleepdisorder_99_plan_intsys.pdf.
45 sleepdisorder01, sleepdisorder01_99_plan_intsys.pdf.
46 visual-osa, no files.
47 test1238534785, no files.
48 wecohss, no files.
49 cargle, cargle_99_plan_cychang.doc.
49 cargle, cargle_99_plan_cychang.pdf.
50 opentelematics, no files.
51 carglesecurity, no files.
52 seamlesscloud, no files.
53 nsc99cloudobd, no files.
54 multicore3, multicore3_99_plan_fsmulticore.pdf.
55 multicore3ss1, no files.
56 multicore3ss2, no files.
57 multicore3ss3, no files.
58 roadsignrecogn, roadsignrecogn_99_plan_diplab.pdf.
59 opt-cross, opt-cross_99_plan_m0919181008.pdf.
60 snmpnmss, snmpnmss_99_plan_KWKECSIE.pdf.
61 zigpat, no files.
62 drahtlosesnetz, no files.
63 telediagmagt, telediagmagt_99_plan_joechen.pdf.
64 presafeautosar, presafeautosar_99_plan_chipanhwang.pdf.
65 smssvn, smssvn_99_plan_herb.doc.
66 nsc99001, nsc99001_99_plan_lens.pdf.
67 plwipc, no files.
68 waics, waics_99_plan_dicyoyo.doc.
69 dicandroid99, dicandroid99_99_plan_nckudic.pdf.
70 eswst, eswst_99_plan_ntut_selab.pdf.
71 sharedrfs, sharedrfs_99_plan_tcyen.doc.
72 hwofnmcn, hwofnmcn_99_plan_yuhsien.pdf.
73 ecgtransfer, ecgtransfer_99_plan_kosuyu.pdf.
74 ARGCS, argcs_99_plan_chungdial.pdf.
74 ARGCS, argcs_99_plan_bonian0.pdf.
75 touch2010, touch2010_99_plan_wjcheng.pdf.
75 touch2010, touch2010_99_plan_wjcheng.doc.
76 embeddeddvs, embeddeddvs_99_plan_offstuzi.pdf.
76 embeddeddvs, embeddeddvs_99_plan_bullian.pdf.
77 99-2220-E-218-002, no files.
78 aosfmbsps, aosfmbsps_99_plan_jenny200693.doc.
79 androidprof, androidprof_99_plan_shieh.pdf.
80 vs9901, vs9901_99_plan_kung.pdf.
81 amvs-2, amvs-2_99_plan_srtong.pdf.
82 projectdvb, projectdvb_99_plan_yuyt.pdf.
83 cucoo, cucoo_99_plan_ksgan85.pdf.
84 emergency2012, emergency2012_99_plan_ktchang.pdf.
85 zigbeesystem, zigbeesystem_99_plan_songchen.pdf.
86 artech, artech_99_plan_u9924833.pdf.
87 1779, no files.
88 maya2010, maya2010_99_plan_max80042.pdf.
88 maya2010, maya2010_99_plan_studff.pdf.
89 prsctpv2oip, prsctpv2oip_99_plan_brchang.doc.
90 robotagent001, robotagent001_99_plan_jykuo.doc.
90 robotagent001, robotagent001_99_plan_jykuo.pdf.
91 aims, aims_99_plan_yschen.pdf.
92 rovio, rovio_99_plan_cwchuang.pdf.
93 bashpot, bashpot_99_plan_johnwuncku.pdf.
94 ICAT, icat_99_plan_huangcm.pdf.
95 mobilelog, mobilelog_99_plan_yeanfu.pdf.
96 WSN-GW, wsn-gw_99_plan_ycpan.doc.
96 WSN-GW, wsn-gw_99_plan_ycpan.pdf.
97 schoolnetmanage, schoolnetmanage_99_plan_johncena.pdf.
98 xdiva, xdiva_99_plan_hyt.pdf.
99 mobiletourism, mobiletourism_99_plan_mengyen.pdf.
100 ntace, ntace_99_plan_mlwmlw.pdf.
