1 nsc099css, nsc099css_99_testing_chinghan.pdf.
1 nsc099css, nsc099css_99_testing_chinghan.doc.
2 nsc099mss, no files.
3 ncuseccloud, no files.
4 csep, no files.
5 nfcintegration, nfcintegration_99_testing_FSSNFCA.pdf.
6 ulam, no files.
7 cdac, cdac_99_testing_ringo.doc.
8 riskmanagement, riskmanagement_99_testing_alexhung.pdf.
9 nfcprivacyneg, nfcprivacyneg_99_testing_d9609102.pdf.
9 nfcprivacyneg, nfcprivacyneg_99_testing_d9609102.doc.
10 performance, performance_99_testing_SSLab.doc.
11 cloudsecurity0, cloudsecurity0_99_testing_yingjia2000.pdf.
12 cloudsecurity1, no files.
13 cloudsubplan2, no files.
14 cloudsecurity3, no files.
15 cloudsubplan4, no files.
16 cloudsecurity, cloudsecurity_99_testing_wgtzeng.pdf.
17 cloudmba, no files.
18 xenids, no files.
19 securecloud, no files.
20 smns, smns_99_testing_thunder.doc.
21 cloudcrypt, no files.
22 sokey, no files.
23 pineapple, no files.
24 slss, slss_99_testing_bzhe.doc.
24 slss, slss_99_testing_bzhe.pdf.
25 openlinks, no files.
26 unicloud, unicloud_99_testing_ycchung.pdf.
27 uniclouda1, no files.
28 uniclouda3, no files.
29 cloudscheduler, no files.
30 unicloudc1, no files.
31 unicloudc2, no files.
32 unicloudc3, no files.
33 unicloudd2, no files.
34 unicloude1, no files.
35 bstrffield, bstrffield_99_testing_chunnan.pdf.
36 bstrfreplay, no files.
37 bstrfwafipsp2p, no files.
38 bstrfbotnet, no files.
39 mldb, no files.
40 cute2010, cute2010_99_testing_shein.pdf.
41 msfs, msfs_99_testing_DannyLiu.pdf.
42 nscasa, nscasa_99_testing_tonyc20.pdf.
43 mpcp-sidm, mpcp-sidm_99_testing_insamem.doc.
44 gscloudqos001, gscloudqos001_99_testing_GSLab.pdf.
45 nukcs409, nukcs409_99_testing_m0995505.pdf.
45 nukcs409, nukcs409_99_testing_m0995505.doc.
46 privatecloud, privatecloud_99_testing_brchang.doc.
47 cvmatm, no files.
48 nccu-cloud, nccu-cloud_99_testing_swenwjj.pdf.
