1 ecgtransfer, ecgtransfer_100_plan_pig7609.pdf.
2 healthaging, healthaging_100_plan_cclin1234567.doc.
2 healthaging, healthaging_100_plan_cclin1234567.pdf.
3 vib, vib_100_plan_rogerlee.pdf.
4 vstorage, vstorage_100_plan_ycchung.pdf.
5 unicloudc2, unicloudc2_100_plan_hmliang.doc.
5 unicloudc2, unicloudc2_100_plan_hmliang.pdf.
6 vcmatcc, vcmatcc_100_plan_liupinthan.pdf.
7 cloudstorage, cloudstorage_100_plan_linian.pdf.
8 infracloud, infracloud_100_plan_fiddler0305.doc.
9 mecme, mecme_100_plan_thuitlab.doc.
10 pea, pea_100_plan_gs421433.pdf.
10 pea, pea_100_plan_gs421433.doc.
11 mec-tms, mec-tms_100_plan_csko.pdf.
12 ksu-isas-100, ksu-isas-100_100_plan_KSU_ISAS.doc.
13 nsc100honeypot, nsc100honeypot_100_plan_james814.pdf.
14 twsnort, twsnort_100_plan_shein.pdf.
15 ntcoatf, ntcoatf_100_plan_EL0418.pdf.
16 shen-nong, shen-nong_100_plan_Best.pdf.
17 b-pace, b-pace_100_plan_DannyLiu.pdf.
18 ffds, no files.
19 ntdtc, ntdtc_100_plan_EL0418.pdf.
20 realflowreplay, realflowreplay_100_plan_chunnan.pdf.
21 rfantibotnet, rfantibotnet_100_plan_chsu.doc.
21 rfantibotnet, rfantibotnet_100_plan_chsu.pdf.
22 cloudpacker, cloudpacker_100_plan_rb304_3abel.doc.
23 ynsc100cfs01, no files.
