1 cybersystem, no files.
2 cps1, no files.
3 crivss, no files.
4 health-manager, health-manager_101_testing_eb201_2.doc.
4 health-manager, health-manager_101_testing_eb201_2.pdf.
5 , no files.
6 networks-4g, networks-4g_101_testing_jssheu.pdf.
7 morf01, no files.
7 fadns, fadns_101_testing_LAB100ES712.doc.
8 greencloud4its, greencloud4its_101_testing_choisier.pdf.
9 green-its, green-its_101_testing_leews.pdf.
10 a1013542ac, a1013542ac_101_testing_yaaaaaaaa8y.pdf.
11 rsu, no files.
12 nsc101analysis, nsc101analysis_101_testing_pychen_ncku.pdf.
13 sleepdis1013, sleepdis1013_101_testing_intsys.pdf.
14 sleepdis1014, sleepdis1014_101_testing_intsys.pdf.
15 nsc101-fjummdb, no files.
16 wecohss101, wecohss101_101_testing_wecolab.pdf.
17 mtravel, mtravel_101_testing_saivantist.pdf.
18 mlog, mlog_101_testing_s100321535.pdf.
19 mweb, mweb_101_testing_YHLiu.pdf.
20 mshow, mshow_101_testing_mazdalexus.pdf.
21 cloudtestings, cloudtestings_101_testing_kurthsu.doc.
21 cloudtestings, cloudtestings_101_testing_kurthsu.pdf.
22 wats, wats_101_testing_sdtlab_ntut.pdf.
23 psms, psms_101_testing_ntut_islab.doc.
23 psms, psms_101_testing_ntut_islab.pdf.
24 pets, pets_101_testing_ntut_selab.pdf.
25 nsc101main, nsc101main_101_testing_kung.pdf.
26 nsc101sub1, nsc101sub1_101_testing_kung.pdf.
27 nsc101sub2, nsc101sub2_101_testing_NSC9502105.doc.
28 sgov2, sgov2_101_testing_chen3805629.doc.
29 cloudp2pstream, cloudp2pstream_101_testing_srtong.doc.
30 gscloud, gscloud_101_testing_GSLab.pdf.
31 nsc101leekr, nsc101leekr_101_testing_leekr.pdf.
32 , no files.
33 gscloudqos002, gscloudqos002_101_testing_GSLab.pdf.
34 , no files.
35 todolist, todolist_101_testing_yschen.pdf.
36 feia, feia_101_testing_huangcm.pdf.
37 lasercutclient, lasercutclient_101_testing_kclee.pdf.
38 hrdas, hrdas_101_testing_dicyoyo.pdf.
39 moldocking, moldocking_101_testing_HongChunHsu.pdf.
40 gesturestv, gesturestv_101_testing_a8761207.pdf.
41 tdssd, tdssd_101_testing_Suncan.pdf.
42 polytraceaid, polytraceaid_101_testing_ricky060709.pdf.
43 mdaecu, mdaecu_101_testing_chipanhwang.pdf.
44 payment3f, payment3f_101_testing_ms0076950.doc.
45 interactivear, interactivear_101_testing_jhlee.pdf.
46 cs4ec, cs4ec_101_testing_cwhuang.pdf.
47 avsa101, avsa101_101_testing_chchuang.pdf.
48 mobilear, mobilear_101_testing_pjlin.pdf.
49 ahmast, ahmast_101_testing_ma0g0220.pdf.
