1 cybersystem, cybersystem_100_plan_chuanyu.doc.
2 cps1, cps1_100_plan_chuanyu.doc.
3 crivss, no files.
4 health-manager, health-manager_100_plan_eb201_2.doc.
4 health-manager, health-manager_100_plan_eb201_2.pdf.
5 mslam1, mslam1_100_plan_apermc.doc.
5 mslam1, mslam1_100_plan_apermc.pdf.
6 networks-4g, networks-4g_100_plan_jssheu.doc.
7 morf01, no files.
8 gscloud, gscloud_100_plan_GSLab.doc.
9 nsc100leekr, no files.
10 mobilevm, no files.
11 gscloudqos002, gscloudqos002_100_plan_GSLab.doc.
12 scbroker, scbroker_100_plan_ellington.pdf.
13 sleepdis1001, sleepdis1001_100_plan_intsys.pdf.
14 sleepdis1002, sleepdis1002_100_plan_intsys.pdf.
15 spr, no files.
16 wecohss100, wecohss100_100_plan_wecolab.pdf.
17 nsc10000, nsc10000_100_plan_kung.pdf.
18 nsc10001, nsc10001_100_plan_kung.pdf.
19 nsc10002, nsc10002_100_plan_NSC9502105.doc.
20 sgov, sgov_100_plan_chen3805629.pdf.
21 vsmeasurement, vsmeasurement_100_plan_diplab.pdf.
22 pddas, pddas_100_plan_dicyoyo.doc.
23 rmcs, no files.
24 zigreen, no files.
25 lawfulintercept, lawfulintercept_100_plan_KWKECSIE.pdf.
26 arnews, arnews_100_plan_u9924827.doc.
26 arnews, arnews_100_plan_u9924827.pdf.
27 ACRT, acrt_100_plan_ntut_selab.pdf.
28 androidcaring, androidcaring_100_plan_pucclo.pdf.
29 cloud2011, cloud2011_100_plan_wjcheng.pdf.
30 ptiis, no files.
31 e-learning, e-learning_100_plan_ypchu.pdf.
32 xdiva, xdiva_100_plan_howwayla.pdf.
