1 cybersystem, cybersystem_101_plan_chuanyu.pdf.
2 cps1, cps1_101_plan_chuanyu.doc.
3 crivss, no files.
4 health-manager, health-manager_101_plan_eb201_2.doc.
4 health-manager, health-manager_101_plan_eb201_2.pdf.
5 , no files.
6 networks-4g, no files.
7 morf01, no files.
7 fadns, no files.
8 greencloud4its, greencloud4its_101_plan_choisier.pdf.
9 green-its, no files.
10 a1013542ac, no files.
11 rsu, no files.
12 nsc101analysis, nsc101analysis_101_plan_pychen_ncku.pdf.
13 sleepdis1013, sleepdis1013_101_plan_intsys.pdf.
14 sleepdis1014, sleepdis1014_101_plan_intsys.pdf.
15 nsc101-fjummdb, no files.
16 wecohss101, no files.
17 mtravel, mtravel_101_plan_hckuo.pdf.
18 mlog, mlog_101_plan_s100321535.pdf.
19 mweb, mweb_101_plan_friendlys.pdf.
20 mshow, mshow_101_plan_mazdalexus.pdf.
21 cloudtestings, cloudtestings_101_plan_kurthsu.pdf.
22 wats, wats_101_plan_sdtlab_ntut.pdf.
23 psms, psms_101_plan_ntut_islab.pdf.
24 pets, pets_101_plan_ntut_selab.pdf.
25 nsc101main, nsc101main_101_plan_kung.pdf.
26 nsc101sub1, nsc101sub1_101_plan_kung.pdf.
27 nsc101sub2, nsc101sub2_101_plan_NSC9502105.doc.
28 sgov2, sgov2_101_plan_chen3805629.pdf.
29 cloudp2pstream, cloudp2pstream_101_plan_srtong.pdf.
30 gscloud, gscloud_101_plan_GSLab.pdf.
31 nsc101leekr, nsc101leekr_101_plan_leekr.pdf.
32 , no files.
33 gscloudqos002, gscloudqos002_101_plan_GSLab.pdf.
34 , no files.
35 todolist, todolist_101_plan_yschen.pdf.
36 feia, feia_101_plan_huangcm.pdf.
37 lasercutclient, no files.
38 hrdas, hrdas_101_plan_dicyoyo.doc.
38 hrdas, hrdas_101_plan_dicyoyo.pdf.
39 moldocking, moldocking_101_plan_HongChunHsu.pdf.
40 gesturestv, gesturestv_101_plan_a8761207.pdf.
41 tdssd, tdssd_101_plan_Suncan.pdf.
42 polytraceaid, polytraceaid_101_plan_RyanYang.pdf.
43 mdaecu, mdaecu_101_plan_chipanhwang.pdf.
44 payment3f, payment3f_101_plan_ms0076950.doc.
45 interactivear, interactivear_101_plan_jhlee.doc.
45 interactivear, interactivear_101_plan_jhlee.pdf.
46 cs4ec, cs4ec_101_plan_cwhuang.pdf.
47 avsa101, avsa101_101_plan_chchuang.pdf.
48 mobilear, mobilear_101_plan_pjlin.pdf.
49 ahmast, ahmast_101_plan_ma0g0220.pdf.
49 ahmast, ahmast_101_plan_wucc007isme.pdf.
