100SCB01 ntcoatf, ntcoatf_102_plan_EL0418.pdf.
100SCB01 ntcoaf-1, no files.
100SCB02 shen-nong, no files.
100SCB03 b-pace, no files.
100SCB04 ffds, no files.
100SCB05 ntdtc, no files.
2CCB01 ncusrccloud102, ncusrccloud102_102_plan_chinghan.pdf.
2CCB01 nsc102mss, no files.
2CCB02 ncucsep102, no files.
2CCB03 ncusameved102, no files.
2CCE01 moclogroup, moclogroup_102_plan_yhliang.pdf.
2CCE02 , no files.
2CCE03 moclogroup-3, moclogroup-3_102_plan_sclab.pdf.
2CCE04 moclogroup-4, no files.
2CCG01 gghcs, gghcs_102_plan_thuitlab.pdf.
2CCG01 gghcsfm, no files.
2CCG02 gghcsbpiw, no files.
2CCG03 gghcsfamm, gghcsfamm_102_plan_syho_nctu.pdf.
2CCG04 gghcsspp, no files.
2SSB01 trustedapp, trustedapp_102_plan_FSSNFCA.pdf.
2SSB02 appcloneattack, no files.
2SSB03 khyeh102, no files.
2SSB04 inteassurance, no files.
2SSB06 madrv, no files.
101SSB01 malwarecluster, no files.
101SSB03 medicalcloud, medicalcloud_102_plan_Vink.pdf.
101SSB04 gvm5, no files.
101SSB04 set4c, set4c_102_plan_borting.pdf.
101SSB05 senserda, senserda_102_plan_SenseLAB.pdf.
101CCA12 pony, pony_102_plan_pony10438.pdf.
101CCA17 mmnlab, mmnlab_102_plan_matheld.doc.
101CCA18 selfoptcloud, selfoptcloud_102_plan_hcchao.pdf.
101SSA01 ccdi, ccdi_102_plan_j5a6s7o8n.pdf.
101SSA06 dnslyzer, dnslyzer_102_plan_labofynhuang.pdf.
101SSA06 dnslyser, no files.
2BOTA02 , no files.
2CCA02 cloudnpol, no files.
2CCA03 cloudcomputing, cloudcomputing_102_plan_wklai.pdf.
2CCA05 nsc102rvsp, nsc102rvsp_102_plan_jchen.doc.
2CCA14 cloudiaas-thu, cloudiaas-thu_102_plan_kigipaul.pdf.
2CCA17 , no files.
2SSA01 android1203, android1203_102_plan_lucasko722.pdf.
2SSA02 apt, apt_102_plan_mark19891107.pdf.
2SSA10 , no files.
2SSA14 sdp2013, no files.
