1 nsc099css, nsc099css_99_plan_chinghan.doc.
1 nsc099css, nsc099css_99_plan_chinghan.pdf.
2 nsc099mss, no files.
3 ncuseccloud, no files.
4 csep, no files.
5 nfcintegration, nfcintegration_99_plan_FSSNFCA.pdf.
6 ulam, ulam_99_plan_josh0105.pdf.
7 cdac, cdac_99_plan_ringo.doc.
8 riskmanagement, riskmanagement_99_plan_alexhung.pdf.
9 nfcprivacyneg, nfcprivacyneg_99_plan_m9809104.doc.
9 nfcprivacyneg, nfcprivacyneg_99_plan_d9609102.doc.
9 nfcprivacyneg, nfcprivacyneg_99_plan_d9609102.pdf.
10 performance, performance_99_plan_M9809302.doc.
10 performance, performance_99_plan_SSLab.doc.
11 cloudsecurity0, cloudsecurity0_99_plan_yingjia2000.doc.
12 cloudsecurity1, no files.
13 cloudsubplan2, no files.
14 cloudsecurity3, no files.
15 cloudsubplan4, no files.
16 cloudsecurity, cloudsecurity_99_plan_wgtzeng.pdf.
17 cloudmba, no files.
18 xenids, no files.
19 securecloud, no files.
20 smns, smns_99_plan_thunder.doc.
21 cloudcrypt, no files.
22 sokey, no files.
23 pineapple, no files.
24 slss, no files.
25 openlinks, no files.
26 unicloud, unicloud_99_plan_ycchung.pdf.
27 uniclouda1, no files.
28 uniclouda3, no files.
29 cloudscheduler, no files.
30 unicloudc1, no files.
31 unicloudc2, no files.
32 unicloudc3, unicloudc3_99_plan_UniCloud_C3.pdf.
33 unicloudd2, no files.
34 unicloude1, no files.
35 bstrffield, bstrffield_99_plan_chunnan.pdf.
36 bstrfreplay, no files.
37 bstrfwafipsp2p, no files.
38 bstrfbotnet, no files.
39 mldb, mldb_99_plan_wu6933662.doc.
40 cute2010, cute2010_99_plan_shein.pdf.
41 msfs, msfs_99_plan_DannyLiu.pdf.
42 nscasa, nscasa_99_plan_tonyc20.pdf.
43 mpcp-sidm, mpcp-sidm_99_plan_insamem.pdf.
44 gscloudqos001, gscloudqos001_99_plan_GSLab.doc.
45 nukcs409, no files.
46 privatecloud, privatecloud_99_plan_brchang.doc.
47 cvmatm, cvmatm_99_plan_longest.doc.
48 nccu-cloud, nccu-cloud_99_plan_swenwjj.pdf.
