1 dvbhreceiver, dvbhreceiver_99_testing_claire1103.pdf.
2 dvbhvideo, no files.
3 dvbhipdc001, dvbhipdc001_99_testing_Dvbh_ipdc.pdf.
4 dvbhlink, dvbhlink_99_testing_quen97418031.pdf.
5 dvbhmpegts, dvbhmpegts_99_testing_ntutwimax.pdf.
6 dvbhant, dvbhant_99_testing_herejoe131.pdf.
7 futurelife, futurelife_99_testing_chuanyu.pdf.
8 emotionsystem, no files.
9 homesecure, no files.
10 scel9701, no files.
11 ppkb006, no files.
12 yangi, yangi_99_testing_yangi.doc.
13 sssc, no files.
14 emislab2009, no files.
15 mimo, no files.
16 ssempp, no files.
17 eplmcs, no files.
18 iclab09, no files.
19 rtscheduler, no files.
20 spyfreedroid, no files.
21 ecv2, no files.
22 ebl, ebl_99_testing_csyang.doc.
23 eblembsysbench, eblembsysbench_99_testing_csyang.doc.
24 multicoretool, no files.
25 winlab97, no files.
26 esbs, esbs_99_testing_ESSLAB.pdf.
26 esbs, esbs_99_testing_ESSLAB.doc.
27 vmc2, vmc2_99_testing_cchu.doc.
28 vmcsubproject1, no files.
29 vmcmum, no files.
30 vmcpss, no files.
31 vmcsyn, vmcsyn_99_testing_CCUESLLAB.pdf.
31 vmcsyn, vmcsyn_99_testing_CCUESLLAB.doc.
32 vmc98am, vmc98am_99_testing_shihc.doc.
33 vmcppo, no files.
34 vmctms, no files.
35 mmcsystem, no files.
36 caasmm, no files.
37 vohmp, no files.
38 hmavp, no files.
39 eclab308, no files.
40 opencl, opencl_99_testing_shchiu.pdf.
41 jvm, jvm_99_testing_shchiu.pdf.
42 hmp, no files.
43 garcol, garcol_99_testing_garcol.pdf.
44 sleepdisorder, sleepdisorder_99_testing_intsys.pdf.
45 sleepdisorder01, sleepdisorder01_99_testing_intsys.pdf.
46 visual-osa, no files.
47 test1238534785, test1238534785_99_testing_selab.pdf.
48 wecohss, wecohss_99_testing_wecolab.pdf.
49 cargle, cargle_99_testing_cychang.pdf.
50 opentelematics, no files.
51 carglesecurity, no files.
52 seamlesscloud, no files.
53 nsc99cloudobd, no files.
54 multicore3, multicore3_99_testing_fsmulticore.pdf.
55 multicore3ss1, multicore3ss1_99_testing_fsmulticore.pdf.
56 multicore3ss2, no files.
57 multicore3ss3, no files.
58 roadsignrecogn, roadsignrecogn_99_testing_diplab.pdf.
59 opt-cross, opt-cross_99_testing_m0919181008.pdf.
60 snmpnmss, snmpnmss_99_testing_KWKECSIE.pdf.
61 zigpat, no files.
62 drahtlosesnetz, drahtlosesnetz_99_testing_DynamicBinding.pdf.
63 telediagmagt, no files.
64 presafeautosar, presafeautosar_99_testing_chipanhwang.pdf.
64 presafeautosar, presafeautosar_99_testing_chipanhwang.doc.
65 smssvn, smssvn_99_testing_zslin.doc.
66 nsc99001, nsc99001_99_testing_lens.pdf.
67 plwipc, plwipc_99_testing_phchiu.pdf.
67 plwipc, plwipc_99_testing_phchiu.doc.
68 waics, waics_99_testing_burton7777.doc.
68 waics, waics_99_testing_dicyoyo.pdf.
69 dicandroid99, dicandroid99_99_testing_nckudic.pdf.
70 eswst, eswst_99_testing_ntut_selab.pdf.
70 eswst, eswst_99_testing_ntut_selab.doc.
71 sharedrfs, no files.
72 hwofnmcn, hwofnmcn_99_testing_yuhsien.pdf.
73 ecgtransfer, ecgtransfer_99_testing_ACheng.pdf.
74 ARGCS, argcs_99_testing_bonian0.pdf.
75 touch2010, touch2010_99_testing_wjcheng.pdf.
75 touch2010, touch2010_99_testing_wjcheng.doc.
76 embeddeddvs, embeddeddvs_99_testing_appgra110.pdf.
77 99-2220-E-218-002, no files.
78 aosfmbsps, aosfmbsps_99_testing_jenny200693.doc.
79 androidprof, androidprof_99_testing_shieh.pdf.
80 vs9901, vs9901_99_testing_kung.pdf.
81 amvs-2, amvs-2_99_testing_srtong.pdf.
82 projectdvb, projectdvb_99_testing_yuyt.doc.
82 projectdvb, projectdvb_99_testing_yuyt.pdf.
83 cucoo, no files.
84 emergency2012, no files.
85 zigbeesystem, no files.
86 artech, artech_99_testing_u9824806.pdf.
86 artech, artech_99_testing_u9824806.doc.
87 1779, no files.
88 maya2010, maya2010_99_testing_max80042.pdf.
89 prsctpv2oip, prsctpv2oip_99_testing_brchang.doc.
90 robotagent001, robotagent001_99_testing_jykuo.pdf.
90 robotagent001, robotagent001_99_testing_jykuo.doc.
91 aims, aims_99_testing_yschen.pdf.
92 rovio, no files.
93 bashpot, bashpot_99_testing_johnwuncku.pdf.
94 ICAT, no files.
95 mobilelog, mobilelog_99_testing_yeanfu.pdf.
96 WSN-GW, wsn-gw_99_testing_ycpan.doc.
97 schoolnetmanage, schoolnetmanage_99_testing_VBird.pdf.
98 xdiva, xdiva_99_testing_howwayla.pdf.
99 mobiletourism, mobiletourism_99_testing_mengyen.pdf.
100 ntace, ntace_99_testing_mlwmlw.pdf.
